Using pre-set license

 COMMAND LINE ARGUMENTS:
/Applications/Unity/Hub/Editor/2020.3.3f1/Unity.app/Contents/MacOS/Unity
-adb2
-batchMode
-noUpm
-name
AssetImportWorker0
-projectPath
/Users/aleksandrmysinskij/Desktop/ProjectCS/CSharpGame/Tower_defense
-logFile
Logs/AssetImportWorker0.log
-srvPort
56168
Successfully changed project path to: /Users/aleksandrmysinskij/Desktop/ProjectCS/CSharpGame/Tower_defense
/Users/aleksandrmysinskij/Desktop/ProjectCS/CSharpGame/Tower_defense
Using Asset Import Pipeline V2.
Refreshing native plugins compatible for Editor in 117.42 ms, found 1 plugins.
Preloading 0 native plugins for Editor in 0.00 ms.
Initialize engine version: 2020.3.3f1 (76626098c1c4)
[Subsystems] Discovering subsystems at path /Applications/Unity/Hub/Editor/2020.3.3f1/Unity.app/Contents/Resources/UnitySubsystems
[Subsystems] Discovering subsystems at path /Users/aleksandrmysinskij/Desktop/ProjectCS/CSharpGame/Tower_defense/Assets
GfxDevice: creating device client; threaded=0
2021-04-19 19:21:33.804 Unity[23717:508608] Color LCD preferred device: Intel(R) Iris(TM) Plus Graphics 645 (low power)
2021-04-19 19:21:33.804 Unity[23717:508608] Metal devices available: 1
2021-04-19 19:21:33.804 Unity[23717:508608] 0: Intel(R) Iris(TM) Plus Graphics 645 (low power)
2021-04-19 19:21:33.805 Unity[23717:508608] Using device Intel(R) Iris(TM) Plus Graphics 645 (low power)
Initializing Metal device caps: Intel(R) Iris(TM) Plus Graphics 645
Initialize mono
Mono path[0] = '/Applications/Unity/Hub/Editor/2020.3.3f1/Unity.app/Contents/Managed'
Mono path[1] = '/Applications/Unity/Hub/Editor/2020.3.3f1/Unity.app/Contents/MonoBleedingEdge/lib/mono/unityjit'
Mono config path = '/Applications/Unity/Hub/Editor/2020.3.3f1/Unity.app/Contents/MonoBleedingEdge/etc'
Using monoOptions --debugger-agent=transport=dt_socket,embedding=1,server=y,suspend=n,address=127.0.0.1:56717
Begin MonoManager ReloadAssembly
Registering precompiled unity dll's ...
Register platform support module: /Applications/Unity/Hub/Editor/2020.3.3f1/Unity.app/Contents/PlaybackEngines/MacStandaloneSupport/UnityEditor.OSXStandalone.Extensions.dll
Register platform support module: /Applications/Unity/Hub/Editor/2020.3.3f1/PlaybackEngines/WindowsStandaloneSupport/UnityEditor.WindowsStandalone.Extensions.dll
Registered in 0.003504 seconds.
Native extension for WindowsStandalone target not found
Native extension for OSXStandalone target not found
Refreshing native plugins compatible for Editor in 99.49 ms, found 1 plugins.
Preloading 0 native plugins for Editor in 0.00 ms.
Invoked RoslynAnalysisRunner static constructor.
RoslynAnalysisRunner will not be running.
RoslynAnalysisRunner has terminated.
Mono: successfully reloaded assembly
- Completed reload, in  2.610 seconds
Platform modules already initialized, skipping
Registering precompiled user dll's ...
Registered in 0.009472 seconds.
Begin MonoManager ReloadAssembly
Native extension for WindowsStandalone target not found
Native extension for OSXStandalone target not found
Refreshing native plugins compatible for Editor in 0.77 ms, found 1 plugins.
Preloading 0 native plugins for Editor in 0.00 ms.
Invoked RoslynAnalysisRunner static constructor.
RoslynAnalysisRunner will not be running.
RoslynAnalysisRunner has terminated.
Mono: successfully reloaded assembly
- Completed reload, in  1.224 seconds
Platform modules already initialized, skipping
========================================================================
Worker process is ready to serve import requests
Launching external process: /Applications/Unity/Hub/Editor/2020.3.3f1/Unity.app/Contents/Tools/UnityShaderCompiler
Launched and connected shader compiler UnityShaderCompiler after 0.02 seconds
Refreshing native plugins compatible for Editor in 0.78 ms, found 1 plugins.
Preloading 0 native plugins for Editor in 0.00 ms.
Unloading 2964 Unused Serialized files (Serialized files now loaded: 0)
System memory in use before: 158.4 MB.
System memory in use after: 158.6 MB.

Unloading 38 unused Assets to reduce memory usage. Loaded Objects now: 3389.
Total: 4.069992 ms (FindLiveObjects: 0.391104 ms CreateObjectMapping: 0.161076 ms MarkObjects: 3.393995 ms  DeleteObjects: 0.122505 ms)

========================================================================
Received Import Request.
  path: Assets/Scripts
  artifactKey: Guid(9a351a31f8825402cb13c6ec8f0269fa) Importer(815301076,1909f56bfc062723c751e8b465ee728b)
Start importing Assets/Scripts using Guid(9a351a31f8825402cb13c6ec8f0269fa) Importer(815301076,1909f56bfc062723c751e8b465ee728b)  -> (artifact id: '0994515f220e60b281eee93a057348eb') in 0.007635 seconds
  Import took 0.014231 seconds .

